2021-01-18 17:12:49	01-18 16:54:04.021  4960  4960 I BleNotiReceiver: 通知来了喔 =  notificationTitle:Breaking News， notificationText:Daily Brief: 37,535 cases; vaccine unlikely to impact death rate until February, packageName:de.axelspringer.yana.zeropage, isClearable:true， sbnId：2
2021-01-18 17:12:49	01-18 16:54:04.021  4960  4960 I BleNotiReceiver: notiType: 1
2021-01-18 17:12:49	01-18 16:54:04.025  4960  4960 I AppManager/BlockList: getBlockList(), mBlockList = []
2021-01-18 17:12:49	01-18 16:54:04.025  4960  4960 I AppManager/IgnoreList: getIgnoreList(), mIgnoreList = []
2021-01-18 17:12:49	01-18 16:54:04.026  4960  4960 I AppManager/IgnoreList: setIgnoreList(),  exclusionList=[com.android.bluetooth, com.android.music, com.google.android.gms, com.ijinshan.mguard, com.google.android.music, com.lge.music, com.sec.android.app.music, com.mediatek.mtklogger, com.sonyericsson.music, com.mediatek.bluetooth, android, com.htc.music, com.android.providers.downloads, com.mediatek.security]
2021-01-18 17:12:49	01-18 16:54:04.026  4960  4960 I BleNotiReceiver: in list not contains
2021-01-18 17:12:49	01-18 16:54:04.026  4960  4960 I BleNotiReceiver: Notice: notification need send, package name=de.axelspringer.yana.zeropage
2021-01-18 17:12:49	01-18 17:04:24.453  4960  4960 I BleNotiReceiver: 通知来了喔 =  notificationTitle:4 app(s) can be updated， notificationText:null, packageName:com.kingroot.kinguser, isClearable:true， sbnId：27
2021-01-18 17:12:49	01-18 17:04:24.453  4960  4960 I BleNotiReceiver: notiType: 1
2021-01-18 17:12:49	01-18 17:06:58.975  4960  4960 I BleNotiReceiver: 通知来了喔 =  notificationTitle:4 app(s) can be updated， notificationText:null, packageName:com.kingroot.kinguser, isClearable:true， sbnId：27
2021-01-18 17:12:49	01-18 17:06:58.975  4960  4960 I BleNotiReceiver: notiType: 2
2021-01-18 17:12:49	01-18 17:12:33.417  4960  4960 I BleNotiReceiver: 通知来了喔 =  notificationTitle:三星 must-have mobile apps selected for you， notificationText:null, packageName:com.kingroot.kinguser, isClearable:true， sbnId：25
2021-01-18 17:12:49	01-18 17:12:33.418  4960  4960 I BleNotiReceiver: notiType: 1
2021-01-18 17:12:49	01-18 17:12:43.009  4960  4960 I BleNotiReceiver: 通知来了喔 =  notificationTitle:Transferring media files via USB， notificationText:Tap for other USB options., packageName:android, isClearable:false， sbnId：17040422
2021-01-18 17:12:49	01-18 17:12:43.009  4960  4960 I BleNotiReceiver: notiType: 2
2021-01-18 17:12:49	01-18 17:12:43.033  4960  4960 I BleNotiReceiver: 通知来了喔 =  notificationTitle:Charging via USB， notificationText:Tap for other USB options., packageName:android, isClearable:false， sbnId：17041546
2021-01-18 17:12:49	01-18 17:12:43.033  4960  4960 I BleNotiReceiver: notiType: 1
2021-01-18 17:12:49	01-18 17:12:49.165  4960  4960 W art     : Before Android 4.1, method android.graphics.PorterDuffColorFilter android.support.graphics.drawable.VectorDrawableCompat.updateTintFilter(android.graphics.PorterDuffColorFilter, android.content.res.ColorStateList, android.graphics.PorterDuff$Mode) would have incorrectly overridden the package-private method in android.graphics.drawable.Drawable
2021-01-18 17:12:49	01-18 17:12:49.225  4960  4960 D TextView: setTypeface with style : 0
2021-01-18 17:12:49	01-18 17:12:49.232  4960  4960 D TextView: setTypeface with style : 0
2021-01-18 17:12:49	01-18 17:12:49.257  4960  4960 D TextView: setTypeface with style : 0
2021-01-18 17:12:49	01-18 17:12:49.263  4960  4960 D TextView: setTypeface with style : 0
2021-01-18 17:12:49	01-18 17:12:49.267  4960  4960 D TextView: setTypeface with style : 0
2021-01-18 17:12:49	01-18 17:12:49.268  4960  4960 D BleMainActivity: isForeign: false
2021-01-18 17:12:49	01-18 17:12:49.273  4960  4960 D BleMainActivity: isblu FALSE
2021-01-18 17:12:49	01-18 17:12:49.284  4960  4960 D BleMainActivity: onCreate: 来啰
2021-01-18 17:12:49	01-18 17:12:49.286  4960  4960 D BleMainActivity: onCreate: 没有弹框权限，给予～
2021-01-18 17:12:49	01-18 17:12:49.304  4960  4960 D BleMainActivity: onCreate: 启动显示app线程～
2021-01-18 17:12:49	01-18 17:12:49.312  4960  4960 D BleMainActivity: setAppHideState: app显示状态false
2021-01-18 17:12:49	01-18 17:12:49.330  4960  4960 D ViewRootImpl@6903642[MainActivity]: ThreadedRenderer.create() translucent=false
2021-01-18 17:12:49	01-18 17:12:49.332  4960  4960 D InputTransport: Input channel constructed: fd=61
2021-01-18 17:12:49	01-18 17:12:49.332  4960  4960 D ViewRootImpl@6903642[MainActivity]: setView = DecorView@4fb6653[MainActivity] touchMode=true
2021-01-18 17:12:49	01-18 17:12:49.333  4960  4960 D BleMainActivity: run: showAppRunnable
2021-01-18 17:12:49	01-18 17:12:49.342  4960  4960 I DataBuffer: construct DataBuffer
2021-01-18 17:12:49	01-18 17:12:49.392  4960 11790 I OggExtractor: OggSource::OggSource() mExtractor ref count = 3
2021-01-18 17:12:49	01-18 17:12:49.395  4960  4960 I MediaPlayer: Need to enable context aware info
2021-01-18 17:12:49	01-18 17:12:49.396  4960  4960 V MediaPlayer-JNI: native_setup
2021-01-18 17:12:49	01-18 17:12:49.397  4960  4960 V MediaPlayer: constructor
2021-01-18 17:12:49	01-18 17:12:49.397  4960  4960 V MediaPlayer: setListener
2021-01-18 17:12:49	01-18 17:12:49.399  4960  4960 V MediaPlayer-JNI: setParameter: key 1400
2021-01-18 17:12:49	01-18 17:12:49.400  4960  4960 V MediaPlayer: MediaPlayer::setParameter(1400)
2021-01-18 17:12:49	01-18 17:12:49.400  4960  4960 V MediaPlayer-JNI: setAudioStreamType: 3
2021-01-18 17:12:49	01-18 17:12:49.400  4960  4960 V MediaPlayer: MediaPlayer::setAudioStreamType
2021-01-18 17:12:49	01-18 17:12:49.400  4960  4960 V MediaPlayer-JNI: set_session_id(): 105
2021-01-18 17:12:49	01-18 17:12:49.400  4960  4960 V MediaPlayer: MediaPlayer::setAudioSessionId(105)
2021-01-18 17:12:49	01-18 17:12:49.401  4960  4960 V MediaPlayer-JNI: setDataSourceFD: fd 64
2021-01-18 17:12:49	01-18 17:12:49.401  4960  4960 V MediaPlayer: setDataSource(64, 20614356, 21153)
2021-01-18 17:12:49	01-18 17:12:49.405  4960 11790 I OggExtractor: OggSource::stop() mExtractor ref count = 2
2021-01-18 17:12:49	01-18 17:12:49.405  4960 11790 I OggExtractor: ~OggSource --
2021-01-18 17:12:49	01-18 17:12:49.405  4960 11790 I OggExtractor: ~OggExtractor ++
2021-01-18 17:12:49	01-18 17:12:49.406  4960 11790 I OggExtractor: ~MyOggExtractor ++ 
2021-01-18 17:12:49	01-18 17:12:49.406  4960 11790 I OggExtractor: ~MyOggExtractor --
2021-01-18 17:12:49	01-18 17:12:49.406  4960 11790 I OggExtractor: ~OggExtractor --
2021-01-18 17:12:49	01-18 17:12:49.423  4960  4960 V MediaPlayer: setVideoSurfaceTexture
2021-01-18 17:12:49	01-18 17:12:49.424  4960  4960 V MediaPlayer: prepare
2021-01-18 17:12:49	01-18 17:12:49.450  4960 11785 V MediaPlayer: message received msg=200, ext1=10973, ext2=0
2021-01-18 17:12:49	01-18 17:12:49.450  4960 11785 W MediaPlayer: info/warning (10973, 0)
2021-01-18 17:12:49	01-18 17:12:49.450  4960 11785 V MediaPlayer: callback application
2021-01-18 17:12:49	01-18 17:12:49.450  4960 11785 V MediaPlayer: back from callback
2021-01-18 17:12:49	01-18 17:12:49.450  4960  4971 V MediaPlayer: message received msg=1, ext1=0, ext2=0
2021-01-18 17:12:49	01-18 17:12:49.450  4960  4971 V MediaPlayer: prepared
2021-01-18 17:12:49	01-18 17:12:49.450  4960  4971 V MediaPlayer: signal application thread
2021-01-18 17:12:49	01-18 17:12:49.451  4960  4971 V MediaPlayer: callback application
2021-01-18 17:12:49	01-18 17:12:49.451  4960  4960 V MediaPlayer: prepare complete - status=0
2021-01-18 17:12:49	01-18 17:12:49.451  4960  4960 D MediaPlayer: setSubtitleAnchor in MediaPlayer
2021-01-18 17:12:49	01-18 17:12:49.451  4960  4971 V MediaPlayer: back from callback
2021-01-18 17:12:49	01-18 17:12:49.452  4960  4960 V MediaPlayer: invoke 68
2021-01-18 17:12:49	01-18 17:12:49.461  4960  4960 D BleSearchManager: onCreate: 
2021-01-18 17:12:49	01-18 17:12:49.463  4960  4960 D BleSearchManager: onStartCommand: 启动一次服务～
2021-01-18 17:12:49	01-18 17:12:49.463  4960  4960 D ViewRootImpl@6903642[MainActivity]: dispatchAttachedToWindow
2021-01-18 17:12:49	01-18 17:12:49.477  4960  4960 D TextView: setTypeface with style : 0
2021-01-18 17:12:49	01-18 17:12:49.478  4960  4960 D TextView: setTypeface with style : 0
2021-01-18 17:12:49	01-18 17:12:49.483  4960  4960 D TextView: setTypeface with style : 0
2021-01-18 17:12:49	01-18 17:12:49.487  4960  4960 D TextView: setTypeface with style : 0
2021-01-18 17:12:49	01-18 17:12:49.488  4960  4960 D TextView: setTypeface with style : 0
2021-01-18 17:12:49	01-18 17:12:49.489  4960  4960 D TextView: setTypeface with style : 0
2021-01-18 17:12:49	01-18 17:12:49.504  4960  4960 I zzbz    : Making Creator dynamically
2021-01-18 17:12:49	01-18 17:12:49.516  4960  4960 I DynamiteModule: Considering local module com.google.android.gms.maps_dynamite:0 and remote module com.google.android.gms.maps_dynamite:203112999
2021-01-18 17:12:49	01-18 17:12:49.516  4960  4960 I DynamiteModule: Selected remote version of com.google.android.gms.maps_dynamite, version >= 203112999
2021-01-18 17:12:49	01-18 17:12:49.516  4960  4960 V DynamiteModule: Dynamite loader version >= 2, using loadModule2NoCrashUtils
2021-01-18 17:12:49	01-18 17:12:49.523  4960  4960 W System  : ClassLoader referenced unknown path: 
2021-01-18 17:12:49	01-18 17:12:49.528  4960  4960 W ResourceType: ResTable_typeSpec entry count inconsistent: given 66, previously 68
2021-01-18 17:12:49	01-18 17:12:49.528  4960  4960 W ResourceType: ResTable_typeSpec entry count inconsistent: given 5333, previously 5334
2021-01-18 17:12:49	01-18 17:12:49.540  4960  4960 I DynamiteLoaderV2Impl: [71] Mapsdynamite
2021-01-18 17:12:49	01-18 17:12:49.547  4960  4960 W System  : ClassLoader referenced unknown path: /data/user_de/0/com.google.android.gms/app_chimera/m/00000040/n/arm64-v8a
2021-01-18 17:12:49	01-18 17:12:49.594  4960  4960 I Google Maps Android API: Google Play services client version: 12451000
2021-01-18 17:12:49	01-18 17:12:49.603  4960  4960 I Google Maps Android API: Google Play services package version: 204217019
2021-01-18 17:12:49	01-18 17:12:49.803  4960  4965 I art     : Do partial code cache collection, code=24KB, data=28KB
2021-01-18 17:12:49	01-18 17:12:49.803  4960  4965 I art     : After code cache collection, code=24KB, data=28KB
2021-01-18 17:12:49	01-18 17:12:49.803  4960  4965 I art     : Increasing code cache capacity to 128KB
2021-01-18 17:12:49	01-18 17:12:49.868  4960  4960 D AbsListView: Get MotionRecognitionManager
2021-01-18 17:12:49	01-18 17:12:49.870  4960  4960 D MotionRecognitionManager: mSContextService = com.samsung.android.hardware.context.ISemContextService$Stub$Proxy@f70d447
2021-01-18 17:12:49	01-18 17:12:49.872  4960  4960 D MotionRecognitionManager: motionService = com.samsung.android.gesture.IMotionRecognitionService$Stub$Proxy@9a23474
2021-01-18 17:12:49	01-18 17:12:49.872  4960  4960 D MotionRecognitionManager: motionService = com.samsung.android.gesture.IMotionRecognitionService$Stub$Proxy@9a23474
2021-01-18 17:12:49	01-18 17:12:49.936  4960  4960 D TextView: setTypeface with style : 0
2021-01-18 17:12:49	01-18 17:12:49.937  4960  4960 D TextView: setTypeface with style : 0
2021-01-18 17:12:49	01-18 17:12:49.939  4960  4960 D TextView: setTypeface with style : 0
2021-01-18 17:12:49	01-18 17:12:49.940  4960  4960 D TextView: setTypeface with style : 0
2021-01-18 17:12:49	01-18 17:12:49.942  4960  4960 D TextView: setTypeface with style : 0
2021-01-18 17:12:49	01-18 17:12:49.944  4960  4960 D TextView: setTypeface with style : 0
2021-01-18 17:12:49	01-18 17:12:49.953  4960  4960 D TextView: setTypeface with style : 0
2021-01-18 17:12:49	01-18 17:12:49.957  4960  4960 D TextView: setTypeface with style : 0
2021-01-18 17:12:49	01-18 17:12:49.967  4960  4960 D TextView: setTypeface with style : 0
2021-01-18 17:12:49	01-18 17:12:49.976  4960  4960 D TextView: setTypeface with style : 0
2021-01-18 17:12:49	01-18 17:12:49.978  4960  4960 D TextView: setTypeface with style : 0
2021-01-18 17:12:49	01-18 17:12:49.981  4960  4960 D TextView: setTypeface with style : 0
2021-01-18 17:12:49	01-18 17:12:49.983  4960  4960 D TextView: setTypeface with style : 0
2021-01-18 17:12:49	01-18 17:12:49.985  4960  4960 D TextView: setTypeface with style : 0
2021-01-18 17:12:49	01-18 17:12:49.987  4960  4960 D TextView: setTypeface with style : 0
2021-01-18 17:12:49	01-18 17:12:49.989  4960  4960 D TextView: setTypeface with style : 0
2021-01-18 17:12:50	01-18 17:12:50.043  4960  4960 D TextView: setTypeface with style : 0
2021-01-18 17:12:50	01-18 17:12:50.044  4960  4960 D TextView: setTypeface with style : 0
2021-01-18 17:12:50	01-18 17:12:50.045  4960  4960 D TextView: setTypeface with style : 0
2021-01-18 17:12:50	01-18 17:12:50.046  4960  4960 D TextView: setTypeface with style : 0
2021-01-18 17:12:50	01-18 17:12:50.046  4960  4960 D TextView: setTypeface with style : 0
2021-01-18 17:12:50	01-18 17:12:50.048  4960  4960 D TextView: setTypeface with style : 0
2021-01-18 17:12:50	01-18 17:12:50.048  4960  4960 D TextView: setTypeface with style : 0
2021-01-18 17:12:50	01-18 17:12:50.049  4960  4960 D TextView: setTypeface with style : 0
2021-01-18 17:12:50	01-18 17:12:50.049  4960  4960 D TextView: setTypeface with style : 0
2021-01-18 17:12:50	01-18 17:12:50.050  4960  4960 D TextView: setTypeface with style : 0
2021-01-18 17:12:50	01-18 17:12:50.051  4960  4960 D TextView: setTypeface with style : 0
2021-01-18 17:12:50	01-18 17:12:50.051  4960  4960 D TextView: setTypeface with style : 0
2021-01-18 17:12:50	01-18 17:12:50.052  4960  4960 D TextView: setTypeface with style : 0
2021-01-18 17:12:50	01-18 17:12:50.052  4960  4960 D TextView: setTypeface with style : 0
2021-01-18 17:12:50	01-18 17:12:50.053  4960  4960 D TextView: setTypeface with style : 0
2021-01-18 17:12:50	01-18 17:12:50.055  4960  4960 D TextView: setTypeface with style : 0
2021-01-18 17:12:50	01-18 17:12:50.056  4960  4960 D TextView: setTypeface with style : 0
2021-01-18 17:12:50	01-18 17:12:50.067  4960  4960 D TextView: setTypeface with style : 0
2021-01-18 17:12:50	01-18 17:12:50.068  4960  4960 D TextView: setTypeface with style : 0
2021-01-18 17:12:50	01-18 17:12:50.069  4960  4960 D TextView: setTypeface with style : 0
2021-01-18 17:12:50	01-18 17:12:50.070  4960  4960 D TextView: setTypeface with style : 0
2021-01-18 17:12:50	01-18 17:12:50.070  4960  4960 D TextView: setTypeface with style : 0
2021-01-18 17:12:50	01-18 17:12:50.071  4960  4960 D TextView: setTypeface with style : 0
2021-01-18 17:12:50	01-18 17:12:50.072  4960  4960 D TextView: setTypeface with style : 0
2021-01-18 17:12:50	01-18 17:12:50.072  4960  4960 D TextView: setTypeface with style : 0
2021-01-18 17:12:50	01-18 17:12:50.073  4960  4960 D TextView: setTypeface with style : 0
2021-01-18 17:12:50	01-18 17:12:50.073  4960  4960 D TextView: setTypeface with style : 0
2021-01-18 17:12:50	01-18 17:12:50.075  4960  4960 D TextView: setTypeface with style : 0
2021-01-18 17:12:50	01-18 17:12:50.090  4960  4960 D ViewRootImpl@6903642[MainActivity]: Relayout returned: oldFrame=[0,0][0,0] newFrame=[0,0][1440,2560] result=0x7 surface={isValid=true 545549938688} surfaceGenerationChanged=true
2021-01-18 17:12:50	01-18 17:12:50.090  4960  4960 D ViewRootImpl@6903642[MainActivity]: mHardwareRenderer.initialize() mSurface={isValid=true 545549938688} hwInitialized=true
2021-01-18 17:12:50	01-18 17:12:50.102  4960 11787 D libEGL  : loaded /vendor/lib64/egl/libGLES_mali.so
2021-01-18 17:12:50	01-18 17:12:50.108  4960  4960 I BleOperatingManager: 无任何状态时 CALL_STATE_IDLE
2021-01-18 17:12:50	01-18 17:12:50.108  4960  4960 V MediaPlayer: invoke 68
2021-01-18 17:12:50	01-18 17:12:50.119  4960 11787 I OpenGLRenderer: Initialized EGL, version 1.4
2021-01-18 17:12:50	01-18 17:12:50.119  4960 11787 D OpenGLRenderer: Swap behavior 1
2021-01-18 17:12:50	01-18 17:12:50.123  4960 11787 D mali_winsys: EGLint new_window_surface(egl_winsys_display*, void*, EGLSurface, EGLConfig, egl_winsys_surface**, egl_color_buffer_format*, EGLBoolean) returns 0x3000,  [1440x2560]-format:1
2021-01-18 17:12:50	01-18 17:12:50.145  4960 11826 D mali_winsys: EGLint new_window_surface(egl_winsys_display*, void*, EGLSurface, EGLConfig, egl_winsys_surface**, egl_color_buffer_format*, EGLBoolean) returns 0x3000,  [1440x2320]-format:2
2021-01-18 17:12:50	01-18 17:12:50.204  4960  4960 D ViewRootImpl@6903642[MainActivity]: MSG_RESIZED_REPORT: ci=Rect(0, 96 - 0, 0) vi=Rect(0, 96 - 0, 0) or=1
2021-01-18 17:12:50	01-18 17:12:50.204  4960  4960 D ViewRootImpl@6903642[MainActivity]: MSG_WINDOW_FOCUS_CHANGED 1
2021-01-18 17:12:50	01-18 17:12:50.204  4960  4960 D ViewRootImpl@6903642[MainActivity]: mHardwareRenderer.initializeIfNeeded()#2 mSurface={isValid=true 545549938688}
2021-01-18 17:12:50	01-18 17:12:50.207  4960  4960 V InputMethodManager: Starting input: tba=android.view.inputmethod.EditorInfo@f68347 nm : com.wiitetech.wiiwatch ic=null
2021-01-18 17:12:50	01-18 17:12:50.207  4960  4960 I InputMethodManager: [IMM] startInputInner - mService.startInputOrWindowGainedFocus
2021-01-18 17:12:50	01-18 17:12:50.221  4960  4973 D InputTransport: Input channel constructed: fd=110
2021-01-18 17:12:50	01-18 17:12:50.238  4960  4960 V InputMethodManager: Starting input: tba=android.view.inputmethod.EditorInfo@ea03c6a nm : com.wiitetech.wiiwatch ic=null
2021-01-18 17:12:50	01-18 17:12:50.627  4960  4965 I art     : Do partial code cache collection, code=60KB, data=57KB
2021-01-18 17:12:50	01-18 17:12:50.628  4960  4965 I art     : After code cache collection, code=49KB, data=50KB
2021-01-18 17:12:50	01-18 17:12:50.628  4960  4965 I art     : Increasing code cache capacity to 256KB
2021-01-18 17:12:50	01-18 17:12:50.656  4960 11805 D NetworkSecurityConfig: No Network Security Config specified, using platform default
2021-01-18 17:12:50	01-18 17:12:50.661  4960 11805 I System.out: (HTTPLog)-Static: isSBSettingEnabled false
2021-01-18 17:12:50	01-18 17:12:50.662  4960 11805 I System.out: (HTTPLog)-Static: isSBSettingEnabled false
2021-01-18 17:12:51	01-18 17:12:51.936  4960 11827 W DynamiteModule: Local module descriptor class for com.google.android.gms.googlecertificates not found.
2021-01-18 17:12:51	01-18 17:12:51.950  4960 11827 I DynamiteModule: Considering local module com.google.android.gms.googlecertificates:0 and remote module com.google.android.gms.googlecertificates:6
2021-01-18 17:12:51	01-18 17:12:51.950  4960 11827 I DynamiteModule: Selected remote version of com.google.android.gms.googlecertificates, version >= 6
2021-01-18 17:12:51	01-18 17:12:51.962  4960 11827 I DynamiteLoaderV2Impl: [71] Googlecertificates
2021-01-18 17:12:51	01-18 17:12:51.980  4960 11827 W System  : ClassLoader referenced unknown path: /data/user_de/0/com.google.android.gms/app_chimera/m/0000003f/n/arm64-v8a
2021-01-18 17:12:52	01-18 17:12:52.011  4960  4965 I art     : Do full code cache collection, code=75KB, data=100KB
2021-01-18 17:12:52	01-18 17:12:52.012  4960  4965 I art     : After code cache collection, code=37KB, data=37KB
2021-01-18 17:12:52	01-18 17:12:52.351  4960  4960 D BleMainActivity: run: showAppRunnable
2021-01-18 17:12:52	01-18 17:12:52.372  4960 11806 I System.out: (HTTPLog)-Static: isSBSettingEnabled false
2021-01-18 17:12:52	01-18 17:12:52.373  4960 11806 I System.out: (HTTPLog)-Static: isSBSettingEnabled false
2021-01-18 17:12:55	01-18 17:12:55.355  4960  4960 D BleMainActivity: run: showAppRunnable
2021-01-18 17:12:58	01-18 17:12:58.356  4960  4960 D BleMainActivity: run: showAppRunnable
2021-01-18 17:13:01	01-18 17:13:01.363  4960  4960 D BleMainActivity: run: showAppRunnable
2021-01-18 17:13:04	01-18 17:13:04.366  4960  4960 D BleMainActivity: run: showAppRunnable
2021-01-18 17:13:07	01-18 17:13:07.371  4960  4960 D BleMainActivity: run: showAppRunnable
2021-01-18 17:13:10	01-18 17:13:10.374  4960  4960 D BleMainActivity: run: showAppRunnable
2021-01-18 17:13:13	01-18 17:13:13.378  4960  4960 D BleMainActivity: run: showAppRunnable
2021-01-18 17:13:16	01-18 17:13:16.382  4960  4960 D BleMainActivity: run: showAppRunnable
2021-01-18 17:13:18	01-18 17:13:18.961  4960  4960 V InputMethodManager: Starting input: tba=android.view.inputmethod.EditorInfo@f7f49ea nm : com.wiitetech.wiiwatch ic=null
2021-01-18 17:13:18	01-18 17:13:18.961  4960  4960 I InputMethodManager: [IMM] startInputInner - mService.startInputOrWindowGainedFocus
2021-01-18 17:13:18	01-18 17:13:18.967  4960  4960 D InputTransport: Input channel constructed: fd=122
2021-01-18 17:13:18	01-18 17:13:18.972  4960  4960 D InputTransport: Input channel destroyed: fd=110
2021-01-18 17:13:19	01-18 17:13:19.437  4960  4960 D BleMainActivity: run: showAppRunnable
2021-01-18 17:13:19	01-18 17:13:19.496  4960  4960 D BleMainActivity: onStop: 
2021-01-18 17:13:22	01-18 17:13:22.450  4960  4960 D BleMainActivity: run: showAppRunnable
2021-01-18 17:13:24	01-18 17:13:24.540  4960  4960 D ViewRootImpl@6903642[MainActivity]: MSG_WINDOW_FOCUS_CHANGED 0
2021-01-18 17:13:25	01-18 17:13:25.457  4960  4960 D BleMainActivity: run: showAppRunnable
2021-01-18 17:13:28	01-18 17:13:28.464  4960  4960 D BleMainActivity: run: showAppRunnable
2021-01-18 17:13:31	01-18 17:13:31.469  4960  4960 D BleMainActivity: run: showAppRunnable
2021-01-18 17:13:34	01-18 17:13:34.477  4960  4960 D BleMainActivity: run: showAppRunnable
2021-01-18 17:13:37	01-18 17:13:37.484  4960  4960 D BleMainActivity: run: showAppRunnable
2021-01-18 17:13:40	01-18 17:13:40.500  4960  4960 D BleMainActivity: run: showAppRunnable
2021-01-18 17:13:43	01-18 17:13:43.507  4960  4960 D BleMainActivity: run: showAppRunnable
2021-01-18 17:13:46	01-18 17:13:46.515  4960  4960 D BleMainActivity: run: showAppRunnable
2021-01-18 17:13:49	01-18 17:13:49.522  4960  4960 D BleMainActivity: run: showAppRunnable
2021-01-18 17:13:52	01-18 17:13:52.527  4960  4960 D BleMainActivity: run: showAppRunnable
2021-01-18 17:13:55	01-18 17:13:55.534  4960  4960 D BleMainActivity: run: showAppRunnable
2021-01-18 17:13:58	01-18 17:13:58.542  4960  4960 D BleMainActivity: run: showAppRunnable
2021-01-18 17:14:01	01-18 17:14:01.551  4960  4960 D BleMainActivity: run: showAppRunnable
2021-01-18 17:14:04	01-18 17:14:04.558  4960  4960 D BleMainActivity: run: showAppRunnable
2021-01-18 17:14:07	01-18 17:14:07.566  4960  4960 D BleMainActivity: run: showAppRunnable
2021-01-18 17:14:10	01-18 17:14:10.573  4960  4960 D BleMainActivity: run: showAppRunnable
2021-01-18 17:14:13	01-18 17:14:13.580  4960  4960 D BleMainActivity: run: showAppRunnable
2021-01-18 17:14:16	01-18 17:14:16.587  4960  4960 D BleMainActivity: run: showAppRunnable
2021-01-18 17:14:19	01-18 17:14:19.594  4960  4960 D BleMainActivity: run: showAppRunnable
2021-01-18 17:14:22	01-18 17:14:22.599  4960  4960 D BleMainActivity: run: showAppRunnable
2021-01-18 17:14:25	01-18 17:14:25.607  4960  4960 D BleMainActivity: run: showAppRunnable
2021-01-18 17:14:28	01-18 17:14:28.614  4960  4960 D BleMainActivity: run: showAppRunnable
2021-01-18 17:14:31	01-18 17:14:31.619  4960  4960 D BleMainActivity: run: showAppRunnable
2021-01-18 17:14:34	01-18 17:14:34.626  4960  4960 D BleMainActivity: run: showAppRunnable
2021-01-18 17:14:37	01-18 17:14:37.633  4960  4960 D BleMainActivity: run: showAppRunnable
2021-01-18 17:14:40	01-18 17:14:40.640  4960  4960 D BleMainActivity: run: showAppRunnable
2021-01-18 17:14:43	01-18 17:14:43.648  4960  4960 D BleMainActivity: run: showAppRunnable
2021-01-18 17:14:46	01-18 17:14:46.655  4960  4960 D BleMainActivity: run: showAppRunnable
2021-01-18 17:14:49	01-18 17:14:49.662  4960  4960 D BleMainActivity: run: showAppRunnable
2021-01-18 17:14:52	01-18 17:14:52.669  4960  4960 D BleMainActivity: run: showAppRunnable
2021-01-18 17:14:55	01-18 17:14:55.677  4960  4960 D BleMainActivity: run: showAppRunnable
2021-01-18 17:14:58	01-18 17:14:58.684  4960  4960 D BleMainActivity: run: showAppRunnable
2021-01-18 17:15:01	01-18 17:15:01.692  4960  4960 D BleMainActivity: run: showAppRunnable
2021-01-18 17:15:04	01-18 17:15:04.698  4960  4960 D BleMainActivity: run: showAppRunnable
2021-01-18 17:15:07	01-18 17:15:07.705  4960  4960 D BleMainActivity: run: showAppRunnable
2021-01-18 17:15:10	01-18 17:15:10.712  4960  4960 D BleMainActivity: run: showAppRunnable
2021-01-18 17:15:13	01-18 17:15:13.718  4960  4960 D BleMainActivity: run: showAppRunnable
2021-01-18 17:15:16	01-18 17:15:16.725  4960  4960 D BleMainActivity: run: showAppRunnable
2021-01-18 17:15:19	01-18 17:15:19.729  4960  4960 D BleMainActivity: run: showAppRunnable
2021-01-18 17:15:22	01-18 17:15:22.736  4960  4960 D BleMainActivity: run: showAppRunnable
2021-01-18 17:15:25	01-18 17:15:25.741  4960  4960 D BleMainActivity: run: showAppRunnable
2021-01-18 17:15:28	01-18 17:15:28.748  4960  4960 D BleMainActivity: run: showAppRunnable
2021-01-18 17:15:31	01-18 17:15:31.755  4960  4960 D BleMainActivity: run: showAppRunnable
2021-01-18 17:15:34	01-18 17:15:34.763  4960  4960 D BleMainActivity: run: showAppRunnable
2021-01-18 17:15:37	01-18 17:15:37.768  4960  4960 D BleMainActivity: run: showAppRunnable
2021-01-18 17:15:40	01-18 17:15:40.776  4960  4960 D BleMainActivity: run: showAppRunnable
2021-01-18 17:15:43	01-18 17:15:43.780  4960  4960 D BleMainActivity: run: showAppRunnable
2021-01-18 17:15:46	01-18 17:15:46.787  4960  4960 D BleMainActivity: run: showAppRunnable
2021-01-18 17:15:49	01-18 17:15:49.794  4960  4960 D BleMainActivity: run: showAppRunnable
2021-01-18 17:15:52	01-18 17:15:52.801  4960  4960 D BleMainActivity: run: showAppRunnable
2021-01-18 17:15:55	01-18 17:15:55.810  4960  4960 D BleMainActivity: run: showAppRunnable
2021-01-18 17:15:58	01-18 17:15:58.824  4960  4960 D BleMainActivity: run: showAppRunnable
2021-01-18 17:16:01	01-18 17:16:01.831  4960  4960 D BleMainActivity: run: showAppRunnable
2021-01-18 17:16:04	01-18 17:16:04.838  4960  4960 D BleMainActivity: run: showAppRunnable
2021-01-18 17:16:07	01-18 17:16:07.846  4960  4960 D BleMainActivity: run: showAppRunnable
2021-01-18 17:16:10	01-18 17:16:10.853  4960  4960 D BleMainActivity: run: showAppRunnable
2021-01-18 17:16:13	01-18 17:16:13.858  4960  4960 D BleMainActivity: run: showAppRunnable
2021-01-18 17:16:16	01-18 17:16:16.866  4960  4960 D BleMainActivity: run: showAppRunnable
2021-01-18 17:16:19	01-18 17:16:19.873  4960  4960 D BleMainActivity: run: showAppRunnable
2021-01-18 17:16:22	01-18 17:16:22.881  4960  4960 D BleMainActivity: run: showAppRunnable
2021-01-18 17:16:25	01-18 17:16:25.887  4960  4960 D BleMainActivity: run: showAppRunnable
2021-01-18 17:16:28	01-18 17:16:28.893  4960  4960 D BleMainActivity: run: showAppRunnable
2021-01-18 17:16:31	01-18 17:16:31.901  4960  4960 D BleMainActivity: run: showAppRunnable
2021-01-18 17:16:34	01-18 17:16:34.908  4960  4960 D BleMainActivity: run: showAppRunnable
2021-01-18 17:16:37	01-18 17:16:37.915  4960  4960 D BleMainActivity: run: showAppRunnable
2021-01-18 17:16:40	01-18 17:16:40.921  4960  4960 D BleMainActivity: run: showAppRunnable
2021-01-18 17:16:43	01-18 17:16:43.925  4960  4960 D BleMainActivity: run: showAppRunnable
2021-01-18 17:16:46	01-18 17:16:46.931  4960  4960 D BleMainActivity: run: showAppRunnable
2021-01-18 17:16:49	01-18 17:16:49.938  4960  4960 D BleMainActivity: run: showAppRunnable
2021-01-18 17:16:52	01-18 17:16:52.945  4960  4960 D BleMainActivity: run: showAppRunnable
2021-01-18 17:16:55	01-18 17:16:55.952  4960  4960 D BleMainActivity: run: showAppRunnable
2021-01-18 17:16:58	01-18 17:16:58.959  4960  4960 D BleMainActivity: run: showAppRunnable
2021-01-18 17:17:01	01-18 17:17:01.966  4960  4960 D BleMainActivity: run: showAppRunnable
2021-01-18 17:17:04	01-18 17:17:04.973  4960  4960 D BleMainActivity: run: showAppRunnable
2021-01-18 17:17:07	01-18 17:17:07.977  4960  4960 D BleMainActivity: run: showAppRunnable
2021-01-18 17:17:10	01-18 17:17:10.982  4960  4960 D BleMainActivity: run: showAppRunnable
2021-01-18 17:17:13	01-18 17:17:13.988  4960  4960 D BleMainActivity: run: showAppRunnable
2021-01-18 17:17:16	01-18 17:17:16.995  4960  4960 D BleMainActivity: run: showAppRunnable
2021-01-18 17:17:20	01-18 17:17:20.002  4960  4960 D BleMainActivity: run: showAppRunnable
2021-01-18 17:17:23	01-18 17:17:23.012  4960  4960 D BleMainActivity: run: showAppRunnable
2021-01-18 17:17:26	01-18 17:17:26.018  4960  4960 D BleMainActivity: run: showAppRunnable
2021-01-18 17:17:29	01-18 17:17:29.024  4960  4960 D BleMainActivity: run: showAppRunnable
2021-01-18 17:17:32	01-18 17:17:32.029  4960  4960 D BleMainActivity: run: showAppRunnable
2021-01-18 17:17:35	01-18 17:17:35.036  4960  4960 D BleMainActivity: run: showAppRunnable
2021-01-18 17:17:38	01-18 17:17:38.043  4960  4960 D BleMainActivity: run: showAppRunnable
2021-01-18 17:17:41	01-18 17:17:41.049  4960  4960 D BleMainActivity: run: showAppRunnable
2021-01-18 17:17:44	01-18 17:17:44.057  4960  4960 D BleMainActivity: run: showAppRunnable
2021-01-18 17:17:47	01-18 17:17:47.064  4960  4960 D BleMainActivity: run: showAppRunnable
2021-01-18 17:17:50	01-18 17:17:50.071  4960  4960 D BleMainActivity: run: showAppRunnable
2021-01-18 17:17:53	01-18 17:17:53.078  4960  4960 D BleMainActivity: run: showAppRunnable
2021-01-18 17:17:56	01-18 17:17:56.086  4960  4960 D BleMainActivity: run: showAppRunnable
2021-01-18 17:17:59	01-18 17:17:59.092  4960  4960 D BleMainActivity: run: showAppRunnable
2021-01-18 17:18:02	01-18 17:18:02.099  4960  4960 D BleMainActivity: run: showAppRunnable
2021-01-18 17:18:05	01-18 17:18:05.107  4960  4960 D BleMainActivity: run: showAppRunnable
2021-01-18 17:18:08	01-18 17:18:08.113  4960  4960 D BleMainActivity: run: showAppRunnable
2021-01-18 17:18:11	01-18 17:18:11.119  4960  4960 D BleMainActivity: run: showAppRunnable
2021-01-18 17:18:14	01-18 17:18:14.126  4960  4960 D BleMainActivity: run: showAppRunnable
2021-01-18 17:18:17	01-18 17:18:17.133  4960  4960 D BleMainActivity: run: showAppRunnable
2021-01-18 17:18:20	01-18 17:18:20.140  4960  4960 D BleMainActivity: run: showAppRunnable
2021-01-18 17:18:23	01-18 17:18:23.147  4960  4960 D BleMainActivity: run: showAppRunnable
2021-01-18 17:18:26	01-18 17:18:26.152  4960  4960 D BleMainActivity: run: showAppRunnable
2021-01-18 17:18:29	01-18 17:18:29.159  4960  4960 D BleMainActivity: run: showAppRunnable
2021-01-18 17:18:32	01-18 17:18:32.167  4960  4960 D BleMainActivity: run: showAppRunnable
2021-01-18 17:18:35	01-18 17:18:35.174  4960  4960 D BleMainActivity: run: showAppRunnable
2021-01-18 17:18:38	01-18 17:18:38.180  4960  4960 D BleMainActivity: run: showAppRunnable
2021-01-18 17:18:41	01-18 17:18:41.186  4960  4960 D BleMainActivity: run: showAppRunnable
2021-01-18 17:18:44	01-18 17:18:44.192  4960  4960 D BleMainActivity: run: showAppRunnable
2021-01-18 17:18:47	01-18 17:18:47.199  4960  4960 D BleMainActivity: run: showAppRunnable
2021-01-18 17:18:50	01-18 17:18:50.206  4960  4960 D BleMainActivity: run: showAppRunnable
2021-01-18 17:18:53	01-18 17:18:53.211  4960  4960 D BleMainActivity: run: showAppRunnable
2021-01-18 17:18:56	01-18 17:18:56.217  4960  4960 D BleMainActivity: run: showAppRunnable
2021-01-18 17:18:59	01-18 17:18:59.224  4960  4960 D BleMainActivity: run: showAppRunnable
2021-01-18 17:19:02	01-18 17:19:02.229  4960  4960 D BleMainActivity: run: showAppRunnable
2021-01-18 17:19:05	01-18 17:19:05.236  4960  4960 D BleMainActivity: run: showAppRunnable
2021-01-18 17:19:08	01-18 17:19:08.243  4960  4960 D BleMainActivity: run: showAppRunnable
2021-01-18 17:19:11	01-18 17:19:11.246  4960  4960 D BleMainActivity: run: showAppRunnable
2021-01-18 17:19:14	01-18 17:19:14.253  4960  4960 D BleMainActivity: run: showAppRunnable
2021-01-18 17:19:17	01-18 17:19:17.260  4960  4960 D BleMainActivity: run: showAppRunnable
2021-01-18 17:19:20	01-18 17:19:20.266  4960  4960 D BleMainActivity: run: showAppRunnable
2021-01-18 17:19:23	01-18 17:19:23.273  4960  4960 D BleMainActivity: run: showAppRunnable
2021-01-18 17:19:26	01-18 17:19:26.280  4960  4960 D BleMainActivity: run: showAppRunnable
2021-01-18 17:19:29	01-18 17:19:29.287  4960  4960 D BleMainActivity: run: showAppRunnable
2021-01-18 17:19:32	01-18 17:19:32.291  4960  4960 D BleMainActivity: run: showAppRunnable
2021-01-18 17:19:35	01-18 17:19:35.298  4960  4960 D BleMainActivity: run: showAppRunnable
2021-01-18 17:19:38	01-18 17:19:38.305  4960  4960 D BleMainActivity: run: showAppRunnable
2021-01-18 17:19:41	01-18 17:19:41.312  4960  4960 D BleMainActivity: run: showAppRunnable
2021-01-18 17:19:44	01-18 17:19:44.320  4960  4960 D BleMainActivity: run: showAppRunnable
2021-01-18 17:19:47	01-18 17:19:47.328  4960  4960 D BleMainActivity: run: showAppRunnable
2021-01-18 17:19:50	01-18 17:19:50.335  4960  4960 D BleMainActivity: run: showAppRunnable
2021-01-18 17:19:53	01-18 17:19:53.338  4960  4960 D BleMainActivity: run: showAppRunnable
2021-01-18 17:19:56	01-18 17:19:56.346  4960  4960 D BleMainActivity: run: showAppRunnable
2021-01-18 17:19:59	01-18 17:19:59.353  4960  4960 D BleMainActivity: run: showAppRunnable
2021-01-18 17:20:02	01-18 17:20:02.359  4960  4960 D BleMainActivity: run: showAppRunnable
2021-01-18 17:20:05	01-18 17:20:05.366  4960  4960 D BleMainActivity: run: showAppRunnable
2021-01-18 17:20:08	01-18 17:20:08.372  4960  4960 D BleMainActivity: run: showAppRunnable
2021-01-18 17:20:11	01-18 17:20:11.378  4960  4960 D BleMainActivity: run: showAppRunnable
2021-01-18 17:20:14	01-18 17:20:14.382  4960  4960 D BleMainActivity: run: showAppRunnable
2021-01-18 17:20:17	01-18 17:20:17.389  4960  4960 D BleMainActivity: run: showAppRunnable
2021-01-18 17:20:20	01-18 17:20:20.395  4960  4960 D BleMainActivity: run: showAppRunnable
2021-01-18 17:20:23	01-18 17:20:23.407  4960  4960 D BleMainActivity: run: showAppRunnable
2021-01-18 17:20:26	01-18 17:20:26.418  4960  4960 D BleMainActivity: run: showAppRunnable
2021-01-18 17:20:29	01-18 17:20:29.424  4960  4960 D BleMainActivity: run: showAppRunnable
2021-01-18 17:20:32	01-18 17:20:32.431  4960  4960 D BleMainActivity: run: showAppRunnable
2021-01-18 17:20:35	01-18 17:20:35.438  4960  4960 D BleMainActivity: run: showAppRunnable
2021-01-18 17:20:38	01-18 17:20:38.444  4960  4960 D BleMainActivity: run: showAppRunnable
2021-01-18 17:20:41	01-18 17:20:41.451  4960  4960 D BleMainActivity: run: showAppRunnable
2021-01-18 17:20:44	01-18 17:20:44.458  4960  4960 D BleMainActivity: run: showAppRunnable
2021-01-18 17:20:47	01-18 17:20:47.465  4960  4960 D BleMainActivity: run: showAppRunnable
2021-01-18 17:20:50	01-18 17:20:50.472  4960  4960 D BleMainActivity: run: showAppRunnable
2021-01-18 17:20:53	01-18 17:20:53.480  4960  4960 D BleMainActivity: run: showAppRunnable
2021-01-18 17:20:56	01-18 17:20:56.487  4960  4960 D BleMainActivity: run: showAppRunnable
2021-01-18 17:20:59	01-18 17:20:59.494  4960  4960 D BleMainActivity: run: showAppRunnable
2021-01-18 17:21:02	01-18 17:21:02.501  4960  4960 D BleMainActivity: run: showAppRunnable
2021-01-18 17:21:05	01-18 17:21:05.508  4960  4960 D BleMainActivity: run: showAppRunnable
2021-01-18 17:21:08	01-18 17:21:08.515  4960  4960 D BleMainActivity: run: showAppRunnable
2021-01-18 17:21:11	01-18 17:21:11.522  4960  4960 D BleMainActivity: run: showAppRunnable
2021-01-18 17:21:14	01-18 17:21:14.529  4960  4960 D BleMainActivity: run: showAppRunnable
2021-01-18 17:21:17	01-18 17:21:17.536  4960  4960 D BleMainActivity: run: showAppRunnable
2021-01-18 17:21:20	01-18 17:21:20.542  4960  4960 D BleMainActivity: run: showAppRunnable
2021-01-18 17:21:23	01-18 17:21:23.547  4960  4960 D BleMainActivity: run: showAppRunnable
2021-01-18 17:21:24	01-18 17:21:24.800  4960  4960 I BleNotiReceiver: 通知来了喔 =  notificationTitle:Charging via USB， notificationText:Tap for other USB options., packageName:android, isClearable:false， sbnId：17041546
2021-01-18 17:21:24	01-18 17:21:24.800  4960  4960 I BleNotiReceiver: notiType: 2
2021-01-18 17:21:26	01-18 17:21:26.547  4960  4960 D BleMainActivity: run: showAppRunnable
2021-01-18 17:21:29	01-18 17:21:29.552  4960  4960 D BleMainActivity: run: showAppRunnable
2021-01-18 17:21:32	01-18 17:21:32.556  4960  4960 D BleMainActivity: run: showAppRunnable
2021-01-18 17:21:35	01-18 17:21:35.557  4960  4960 D BleMainActivity: run: showAppRunnable
2021-01-18 17:21:38	01-18 17:21:38.563  4960  4960 D BleMainActivity: run: showAppRunnable
